{"uid":"7155fb6f980c9e08","name":"Play a video in the horizontal section after scrolling","fullName":"Bajaj Finserv: Play a video in the horizontal section after scrolling","historyId":"9e2dda08f769b9b21f80c06192ebcd10","time":{"start":1771996095932,"stop":1771996191702,"duration":95770},"status":"broken","statusMessage":"selenium.common.exceptions.ElementClickInterceptedException: Message: element click intercepted: Element <div class=\"player-overlay kp sleek kpoint-web-player kpoint-large-player\" tabindex=\"-1\" id=\"player-overlay-gcc-f97513f8-6237-4581-bfc5-129cb156ce43\" style=\"touch-action: pan-y; -webkit-user-drag: none; -webkit-tap-highlight-color: rgba(0, 0, 0, 0);\">...</div> is not clickable at point (465, 358). Other element would receive the click: <span class=\"play-icon play-icon--with-bg\">...</span>\n  (Session info: chrome=145.0.7632.111); For documentation on this error, please visit: https://www.selenium.dev/documentation/webdriver/troubleshooting/errors#elementclickinterceptedexception\nStacktrace:\nSymbols not available. Dumping unresolved backtrace:\n\t0x7ff7a36aaa55\n\t0x7ff7a3408630\n\t0x7ff7a319d75d\n\t0x7ff7a3200b65\n\t0x7ff7a31fe27a\n\t0x7ff7a31fb115\n\t0x7ff7a31f9fc7\n\t0x7ff7a31eb426\n\t0x7ff7a32219da\n\t0x7ff7a31eaca6\n\t0x7ff7a324591c\n\t0x7ff7a31e9098\n\t0x7ff7a31e9f83\n\t0x7ff7a36d7810\n\t0x7ff7a36d1afd\n\t0x7ff7a36f2c1a\n\t0x7ff7a3423345\n\t0x7ff7a342b81c\n\t0x7ff7a3411924\n\t0x7ff7a3411ad6\n\t0x7ff7a33f7e47\n\t0x7ff95aeee8d7\n\t0x7ff95c38c40c\n\n","statusTrace":"  File \"C:\\Users\\kp\\AppData\\Local\\Packages\\PythonSoftwareFoundation.Python.3.13_qbz5n2kfra8p0\\LocalCache\\local-packages\\Python313\\site-packages\\behave\\model.py\", line 1991, in run\n    match.run(runner.context)\n    ~~~~~~~~~^^^^^^^^^^^^^^^^\n  File \"C:\\Users\\kp\\AppData\\Local\\Packages\\PythonSoftwareFoundation.Python.3.13_qbz5n2kfra8p0\\LocalCache\\local-packages\\Python313\\site-packages\\behave\\matchers.py\", line 105, in run\n    self.func(context, *args, **kwargs)\n    ~~~~~~~~~^^^^^^^^^^^^^^^^^^^^^^^^^^\n  File \"features\\steps\\BajajFinservSteps.py\", line 88, in play_video_in_middle\n    context.Bajaj.click_element(context.Bajaj.playVideoIcon)\n    ~~~~~~~~~~~~~~~~~~~~~~~~~~~^^^^^^^^^^^^^^^^^^^^^^^^^^^^^\n  File \"C:\\Users\\kp\\Documents\\Python-Selenium-BDD\\features\\pageobjects\\BasePage.py\", line 52, in click_element\n    element.click()\n    ~~~~~~~~~~~~~^^\n  File \"C:\\Users\\kp\\AppData\\Local\\Packages\\PythonSoftwareFoundation.Python.3.13_qbz5n2kfra8p0\\LocalCache\\local-packages\\Python313\\site-packages\\selenium\\webdriver\\remote\\webelement.py\", line 114, in click\n    self._execute(Command.CLICK_ELEMENT)\n    ~~~~~~~~~~~~~^^^^^^^^^^^^^^^^^^^^^^^\n  File \"C:\\Users\\kp\\AppData\\Local\\Packages\\PythonSoftwareFoundation.Python.3.13_qbz5n2kfra8p0\\LocalCache\\local-packages\\Python313\\site-packages\\selenium\\webdriver\\remote\\webelement.py\", line 508, in _execute\n    return self._parent.execute(command, params)\n           ~~~~~~~~~~~~~~~~~~~~^^^^^^^^^^^^^^^^^\n  File \"C:\\Users\\kp\\AppData\\Local\\Packages\\PythonSoftwareFoundation.Python.3.13_qbz5n2kfra8p0\\LocalCache\\local-packages\\Python313\\site-packages\\selenium\\webdriver\\remote\\webdriver.py\", line 432, in execute\n    self.error_handler.check_response(response)\n    ~~~~~~~~~~~~~~~~~~~~~~~~~~~~~~~~~^^^^^^^^^^\n  File \"C:\\Users\\kp\\AppData\\Local\\Packages\\PythonSoftwareFoundation.Python.3.13_qbz5n2kfra8p0\\LocalCache\\local-packages\\Python313\\site-packages\\selenium\\webdriver\\remote\\errorhandler.py\", line 232, in check_response\n    raise exception_class(message, screen, stacktrace)\n","flaky":false,"newFailed":false,"newBroken":false,"newPassed":false,"retriesCount":0,"retriesStatusChange":false,"beforeStages":[],"testStage":{"status":"broken","statusMessage":"selenium.common.exceptions.ElementClickInterceptedException: Message: element click intercepted: Element <div class=\"player-overlay kp sleek kpoint-web-player kpoint-large-player\" tabindex=\"-1\" id=\"player-overlay-gcc-f97513f8-6237-4581-bfc5-129cb156ce43\" style=\"touch-action: pan-y; -webkit-user-drag: none; -webkit-tap-highlight-color: rgba(0, 0, 0, 0);\">...</div> is not clickable at point (465, 358). Other element would receive the click: <span class=\"play-icon play-icon--with-bg\">...</span>\n  (Session info: chrome=145.0.7632.111); For documentation on this error, please visit: https://www.selenium.dev/documentation/webdriver/troubleshooting/errors#elementclickinterceptedexception\nStacktrace:\nSymbols not available. Dumping unresolved backtrace:\n\t0x7ff7a36aaa55\n\t0x7ff7a3408630\n\t0x7ff7a319d75d\n\t0x7ff7a3200b65\n\t0x7ff7a31fe27a\n\t0x7ff7a31fb115\n\t0x7ff7a31f9fc7\n\t0x7ff7a31eb426\n\t0x7ff7a32219da\n\t0x7ff7a31eaca6\n\t0x7ff7a324591c\n\t0x7ff7a31e9098\n\t0x7ff7a31e9f83\n\t0x7ff7a36d7810\n\t0x7ff7a36d1afd\n\t0x7ff7a36f2c1a\n\t0x7ff7a3423345\n\t0x7ff7a342b81c\n\t0x7ff7a3411924\n\t0x7ff7a3411ad6\n\t0x7ff7a33f7e47\n\t0x7ff95aeee8d7\n\t0x7ff95c38c40c\n\n","statusTrace":"  File \"C:\\Users\\kp\\AppData\\Local\\Packages\\PythonSoftwareFoundation.Python.3.13_qbz5n2kfra8p0\\LocalCache\\local-packages\\Python313\\site-packages\\behave\\model.py\", line 1991, in run\n    match.run(runner.context)\n    ~~~~~~~~~^^^^^^^^^^^^^^^^\n  File \"C:\\Users\\kp\\AppData\\Local\\Packages\\PythonSoftwareFoundation.Python.3.13_qbz5n2kfra8p0\\LocalCache\\local-packages\\Python313\\site-packages\\behave\\matchers.py\", line 105, in run\n    self.func(context, *args, **kwargs)\n    ~~~~~~~~~^^^^^^^^^^^^^^^^^^^^^^^^^^\n  File \"features\\steps\\BajajFinservSteps.py\", line 88, in play_video_in_middle\n    context.Bajaj.click_element(context.Bajaj.playVideoIcon)\n    ~~~~~~~~~~~~~~~~~~~~~~~~~~~^^^^^^^^^^^^^^^^^^^^^^^^^^^^^\n  File \"C:\\Users\\kp\\Documents\\Python-Selenium-BDD\\features\\pageobjects\\BasePage.py\", line 52, in click_element\n    element.click()\n    ~~~~~~~~~~~~~^^\n  File \"C:\\Users\\kp\\AppData\\Local\\Packages\\PythonSoftwareFoundation.Python.3.13_qbz5n2kfra8p0\\LocalCache\\local-packages\\Python313\\site-packages\\selenium\\webdriver\\remote\\webelement.py\", line 114, in click\n    self._execute(Command.CLICK_ELEMENT)\n    ~~~~~~~~~~~~~^^^^^^^^^^^^^^^^^^^^^^^\n  File \"C:\\Users\\kp\\AppData\\Local\\Packages\\PythonSoftwareFoundation.Python.3.13_qbz5n2kfra8p0\\LocalCache\\local-packages\\Python313\\site-packages\\selenium\\webdriver\\remote\\webelement.py\", line 508, in _execute\n    return self._parent.execute(command, params)\n           ~~~~~~~~~~~~~~~~~~~~^^^^^^^^^^^^^^^^^\n  File \"C:\\Users\\kp\\AppData\\Local\\Packages\\PythonSoftwareFoundation.Python.3.13_qbz5n2kfra8p0\\LocalCache\\local-packages\\Python313\\site-packages\\selenium\\webdriver\\remote\\webdriver.py\", line 432, in execute\n    self.error_handler.check_response(response)\n    ~~~~~~~~~~~~~~~~~~~~~~~~~~~~~~~~~^^^^^^^^^^\n  File \"C:\\Users\\kp\\AppData\\Local\\Packages\\PythonSoftwareFoundation.Python.3.13_qbz5n2kfra8p0\\LocalCache\\local-packages\\Python313\\site-packages\\selenium\\webdriver\\remote\\errorhandler.py\", line 232, in check_response\n    raise exception_class(message, screen, stacktrace)\n","steps":[{"name":"Given user goes to \"video-listing-page\" page of \"BFLHome\" website","time":{"start":1771996097356,"stop":1771996110297,"duration":12941},"status":"passed","steps":[],"attachments":[],"parameters":[],"hasContent":false,"attachmentStep":false,"attachmentsCount":0,"shouldDisplayMessage":false,"stepsCount":0},{"name":"When user scrolls down to \"1000\"","time":{"start":1771996110297,"stop":1771996112768,"duration":2471},"status":"passed","steps":[],"attachments":[],"parameters":[],"hasContent":false,"attachmentStep":false,"attachmentsCount":0,"shouldDisplayMessage":false,"stepsCount":0},{"name":"And play the video in the middle of the page","time":{"start":1771996112768,"stop":1771996189562,"duration":76794},"status":"broken","statusMessage":"selenium.common.exceptions.ElementClickInterceptedException: Message: element click intercepted: Element <div class=\"player-overlay kp sleek kpoint-web-player kpoint-large-player\" tabindex=\"-1\" id=\"player-overlay-gcc-f97513f8-6237-4581-bfc5-129cb156ce43\" style=\"touch-action: pan-y; -webkit-user-drag: none; -webkit-tap-highlight-color: rgba(0, 0, 0, 0);\">...</div> is not clickable at point (465, 358). Other element would receive the click: <span class=\"play-icon play-icon--with-bg\">...</span>\n  (Session info: chrome=145.0.7632.111); For documentation on this error, please visit: https://www.selenium.dev/documentation/webdriver/troubleshooting/errors#elementclickinterceptedexception\nStacktrace:\nSymbols not available. Dumping unresolved backtrace:\n\t0x7ff7a36aaa55\n\t0x7ff7a3408630\n\t0x7ff7a319d75d\n\t0x7ff7a3200b65\n\t0x7ff7a31fe27a\n\t0x7ff7a31fb115\n\t0x7ff7a31f9fc7\n\t0x7ff7a31eb426\n\t0x7ff7a32219da\n\t0x7ff7a31eaca6\n\t0x7ff7a324591c\n\t0x7ff7a31e9098\n\t0x7ff7a31e9f83\n\t0x7ff7a36d7810\n\t0x7ff7a36d1afd\n\t0x7ff7a36f2c1a\n\t0x7ff7a3423345\n\t0x7ff7a342b81c\n\t0x7ff7a3411924\n\t0x7ff7a3411ad6\n\t0x7ff7a33f7e47\n\t0x7ff95aeee8d7\n\t0x7ff95c38c40c\n\n","statusTrace":"  File \"C:\\Users\\kp\\AppData\\Local\\Packages\\PythonSoftwareFoundation.Python.3.13_qbz5n2kfra8p0\\LocalCache\\local-packages\\Python313\\site-packages\\behave\\model.py\", line 1991, in run\n    match.run(runner.context)\n    ~~~~~~~~~^^^^^^^^^^^^^^^^\n  File \"C:\\Users\\kp\\AppData\\Local\\Packages\\PythonSoftwareFoundation.Python.3.13_qbz5n2kfra8p0\\LocalCache\\local-packages\\Python313\\site-packages\\behave\\matchers.py\", line 105, in run\n    self.func(context, *args, **kwargs)\n    ~~~~~~~~~^^^^^^^^^^^^^^^^^^^^^^^^^^\n  File \"features\\steps\\BajajFinservSteps.py\", line 88, in play_video_in_middle\n    context.Bajaj.click_element(context.Bajaj.playVideoIcon)\n    ~~~~~~~~~~~~~~~~~~~~~~~~~~~^^^^^^^^^^^^^^^^^^^^^^^^^^^^^\n  File \"C:\\Users\\kp\\Documents\\Python-Selenium-BDD\\features\\pageobjects\\BasePage.py\", line 52, in click_element\n    element.click()\n    ~~~~~~~~~~~~~^^\n  File \"C:\\Users\\kp\\AppData\\Local\\Packages\\PythonSoftwareFoundation.Python.3.13_qbz5n2kfra8p0\\LocalCache\\local-packages\\Python313\\site-packages\\selenium\\webdriver\\remote\\webelement.py\", line 114, in click\n    self._execute(Command.CLICK_ELEMENT)\n    ~~~~~~~~~~~~~^^^^^^^^^^^^^^^^^^^^^^^\n  File \"C:\\Users\\kp\\AppData\\Local\\Packages\\PythonSoftwareFoundation.Python.3.13_qbz5n2kfra8p0\\LocalCache\\local-packages\\Python313\\site-packages\\selenium\\webdriver\\remote\\webelement.py\", line 508, in _execute\n    return self._parent.execute(command, params)\n           ~~~~~~~~~~~~~~~~~~~~^^^^^^^^^^^^^^^^^\n  File \"C:\\Users\\kp\\AppData\\Local\\Packages\\PythonSoftwareFoundation.Python.3.13_qbz5n2kfra8p0\\LocalCache\\local-packages\\Python313\\site-packages\\selenium\\webdriver\\remote\\webdriver.py\", line 432, in execute\n    self.error_handler.check_response(response)\n    ~~~~~~~~~~~~~~~~~~~~~~~~~~~~~~~~~^^^^^^^^^^\n  File \"C:\\Users\\kp\\AppData\\Local\\Packages\\PythonSoftwareFoundation.Python.3.13_qbz5n2kfra8p0\\LocalCache\\local-packages\\Python313\\site-packages\\selenium\\webdriver\\remote\\errorhandler.py\", line 232, in check_response\n    raise exception_class(message, screen, stacktrace)\n","steps":[],"attachments":[],"parameters":[],"hasContent":true,"attachmentStep":false,"attachmentsCount":0,"shouldDisplayMessage":true,"stepsCount":0},{"name":"Then user verifies Bajaj Finserv player functions Play,Speed,Mute,Quality,Fullscreen,SeekToEnd,Replay","time":{"start":1771996191702,"stop":1771996191702,"duration":0},"status":"skipped","steps":[],"attachments":[],"parameters":[],"hasContent":false,"attachmentStep":false,"attachmentsCount":0,"shouldDisplayMessage":false,"stepsCount":0}],"attachments":[],"parameters":[],"hasContent":true,"attachmentStep":false,"attachmentsCount":0,"shouldDisplayMessage":false,"stepsCount":4},"afterStages":[],"labels":[{"name":"severity","value":"normal"},{"name":"tag","value":"bajaj_finserv"},{"name":"tag","value":"bfl"},{"name":"tag","value":"public"},{"name":"feature","value":"Bajaj Finserv"},{"name":"framework","value":"behave"},{"name":"language","value":"cpython3"},{"name":"resultFormat","value":"allure2"}],"parameters":[],"links":[],"hidden":false,"retry":false,"extra":{"severity":"normal","retries":[],"categories":[{"name":"Test defects","matchedStatuses":[]}],"tags":["public","bajaj_finserv","bfl"]},"source":"7155fb6f980c9e08.json","parameterValues":[]}