{"uid":"bd34efb7d009556","name":"Test the sleek player on horizontal video","fullName":"Bajaj Finserv: Test the sleek player on horizontal video","historyId":"4dfcc251f78489932a14cf34052e5465","time":{"start":1771995983718,"stop":1771996095929,"duration":112211},"status":"failed","statusMessage":"AssertionError: Some functions failed:\nError: Element not found while executing 'Fullscreen': Message: \nStacktrace:\nSymbols not available. Dumping unresolved backtrace:\n\t0x7ff7a36aaa55\n\t0x7ff7a3408630\n\t0x7ff7a319d75d\n\t0x7ff7a31f862e\n\t0x7ff7a31f893c\n\t0x7ff7a3248d87\n\t0x7ff7a324591c\n\t0x7ff7a31e9098\n\t0x7ff7a31e9f83\n\t0x7ff7a36d7810\n\t0x7ff7a36d1afd\n\t0x7ff7a36f2c1a\n\t0x7ff7a3423345\n\t0x7ff7a342b81c\n\t0x7ff7a3411924\n\t0x7ff7a3411ad6\n\t0x7ff7a33f7e47\n\t0x7ff95aeee8d7\n\t0x7ff95c38c40c\n\n","statusTrace":"  File \"C:\\Users\\kp\\AppData\\Local\\Packages\\PythonSoftwareFoundation.Python.3.13_qbz5n2kfra8p0\\LocalCache\\local-packages\\Python313\\site-packages\\behave\\model.py\", line 1991, in run\n    match.run(runner.context)\n    ~~~~~~~~~^^^^^^^^^^^^^^^^\n  File \"C:\\Users\\kp\\AppData\\Local\\Packages\\PythonSoftwareFoundation.Python.3.13_qbz5n2kfra8p0\\LocalCache\\local-packages\\Python313\\site-packages\\behave\\matchers.py\", line 105, in run\n    self.func(context, *args, **kwargs)\n    ~~~~~~~~~^^^^^^^^^^^^^^^^^^^^^^^^^^\n  File \"features\\steps\\BajajFinservSteps.py\", line 45, in verify_player_functions\n    handler.process_results(results, failures)\n    ~~~~~~~~~~~~~~~~~~~~~~~^^^^^^^^^^^^^^^^^^^\n  File \"C:\\Users\\kp\\Documents\\Python-Selenium-BDD\\features\\steps\\PlayerFunctionHandler.py\", line 120, in process_results\n    assert False, f\"Some functions failed:\\n{failure_message}\"\n           ^^^^^\n","flaky":false,"newFailed":false,"newBroken":false,"newPassed":false,"retriesCount":0,"retriesStatusChange":false,"beforeStages":[],"testStage":{"status":"failed","statusMessage":"AssertionError: Some functions failed:\nError: Element not found while executing 'Fullscreen': Message: \nStacktrace:\nSymbols not available. Dumping unresolved backtrace:\n\t0x7ff7a36aaa55\n\t0x7ff7a3408630\n\t0x7ff7a319d75d\n\t0x7ff7a31f862e\n\t0x7ff7a31f893c\n\t0x7ff7a3248d87\n\t0x7ff7a324591c\n\t0x7ff7a31e9098\n\t0x7ff7a31e9f83\n\t0x7ff7a36d7810\n\t0x7ff7a36d1afd\n\t0x7ff7a36f2c1a\n\t0x7ff7a3423345\n\t0x7ff7a342b81c\n\t0x7ff7a3411924\n\t0x7ff7a3411ad6\n\t0x7ff7a33f7e47\n\t0x7ff95aeee8d7\n\t0x7ff95c38c40c\n\n","statusTrace":"  File \"C:\\Users\\kp\\AppData\\Local\\Packages\\PythonSoftwareFoundation.Python.3.13_qbz5n2kfra8p0\\LocalCache\\local-packages\\Python313\\site-packages\\behave\\model.py\", line 1991, in run\n    match.run(runner.context)\n    ~~~~~~~~~^^^^^^^^^^^^^^^^\n  File \"C:\\Users\\kp\\AppData\\Local\\Packages\\PythonSoftwareFoundation.Python.3.13_qbz5n2kfra8p0\\LocalCache\\local-packages\\Python313\\site-packages\\behave\\matchers.py\", line 105, in run\n    self.func(context, *args, **kwargs)\n    ~~~~~~~~~^^^^^^^^^^^^^^^^^^^^^^^^^^\n  File \"features\\steps\\BajajFinservSteps.py\", line 45, in verify_player_functions\n    handler.process_results(results, failures)\n    ~~~~~~~~~~~~~~~~~~~~~~~^^^^^^^^^^^^^^^^^^^\n  File \"C:\\Users\\kp\\Documents\\Python-Selenium-BDD\\features\\steps\\PlayerFunctionHandler.py\", line 120, in process_results\n    assert False, f\"Some functions failed:\\n{failure_message}\"\n           ^^^^^\n","steps":[{"name":"Given user goes to \"video-listing-page\" page of \"BFLHome\" website","time":{"start":1771995986860,"stop":1771996000013,"duration":13153},"status":"passed","steps":[],"attachments":[],"parameters":[],"hasContent":false,"attachmentStep":false,"attachmentsCount":0,"shouldDisplayMessage":false,"stepsCount":0},{"name":"Given user clicks on first video of horizontal view section","time":{"start":1771996000013,"stop":1771996009439,"duration":9426},"status":"passed","steps":[],"attachments":[],"parameters":[],"hasContent":false,"attachmentStep":false,"attachmentsCount":0,"shouldDisplayMessage":false,"stepsCount":0},{"name":"When user plays first video of horizontal view section","time":{"start":1771996009440,"stop":1771996012489,"duration":3049},"status":"passed","steps":[],"attachments":[],"parameters":[],"hasContent":false,"attachmentStep":false,"attachmentsCount":0,"shouldDisplayMessage":false,"stepsCount":0},{"name":"Then user verifies Bajaj Finserv player functions Play,Mute,Speed,Quality,Fullscreen,SeekToEnd,Replay","time":{"start":1771996012489,"stop":1771996093787,"duration":81298},"status":"failed","statusMessage":"AssertionError: Some functions failed:\nError: Element not found while executing 'Fullscreen': Message: \nStacktrace:\nSymbols not available. Dumping unresolved backtrace:\n\t0x7ff7a36aaa55\n\t0x7ff7a3408630\n\t0x7ff7a319d75d\n\t0x7ff7a31f862e\n\t0x7ff7a31f893c\n\t0x7ff7a3248d87\n\t0x7ff7a324591c\n\t0x7ff7a31e9098\n\t0x7ff7a31e9f83\n\t0x7ff7a36d7810\n\t0x7ff7a36d1afd\n\t0x7ff7a36f2c1a\n\t0x7ff7a3423345\n\t0x7ff7a342b81c\n\t0x7ff7a3411924\n\t0x7ff7a3411ad6\n\t0x7ff7a33f7e47\n\t0x7ff95aeee8d7\n\t0x7ff95c38c40c\n\n","statusTrace":"  File \"C:\\Users\\kp\\AppData\\Local\\Packages\\PythonSoftwareFoundation.Python.3.13_qbz5n2kfra8p0\\LocalCache\\local-packages\\Python313\\site-packages\\behave\\model.py\", line 1991, in run\n    match.run(runner.context)\n    ~~~~~~~~~^^^^^^^^^^^^^^^^\n  File \"C:\\Users\\kp\\AppData\\Local\\Packages\\PythonSoftwareFoundation.Python.3.13_qbz5n2kfra8p0\\LocalCache\\local-packages\\Python313\\site-packages\\behave\\matchers.py\", line 105, in run\n    self.func(context, *args, **kwargs)\n    ~~~~~~~~~^^^^^^^^^^^^^^^^^^^^^^^^^^\n  File \"features\\steps\\BajajFinservSteps.py\", line 45, in verify_player_functions\n    handler.process_results(results, failures)\n    ~~~~~~~~~~~~~~~~~~~~~~~^^^^^^^^^^^^^^^^^^^\n  File \"C:\\Users\\kp\\Documents\\Python-Selenium-BDD\\features\\steps\\PlayerFunctionHandler.py\", line 120, in process_results\n    assert False, f\"Some functions failed:\\n{failure_message}\"\n           ^^^^^\n","steps":[],"attachments":[{"uid":"bcee6571f41e6dc2","name":"Fullscreen_failed","source":"bcee6571f41e6dc2.png","type":"image/png","size":280708},{"uid":"dd6471aaf7b42bf4","name":"user verifies Bajaj Finserv player functions Play,Mute,Speed,Quality,Fullscreen,SeekToEnd,Replay [Status.failed]","source":"dd6471aaf7b42bf4.png","type":"image/png","size":545294}],"parameters":[],"hasContent":true,"attachmentStep":false,"attachmentsCount":2,"shouldDisplayMessage":true,"stepsCount":0}],"attachments":[],"parameters":[],"hasContent":true,"attachmentStep":false,"attachmentsCount":2,"shouldDisplayMessage":false,"stepsCount":4},"afterStages":[],"labels":[{"name":"severity","value":"normal"},{"name":"tag","value":"bajaj_finserv"},{"name":"tag","value":"bfl"},{"name":"tag","value":"public"},{"name":"feature","value":"Bajaj Finserv"},{"name":"framework","value":"behave"},{"name":"language","value":"cpython3"},{"name":"resultFormat","value":"allure2"}],"parameters":[],"links":[],"hidden":false,"retry":false,"extra":{"severity":"normal","retries":[],"categories":[{"name":"Product defects","matchedStatuses":[]}],"tags":["public","bajaj_finserv","bfl"]},"source":"bd34efb7d009556.json","parameterValues":[]}