{"uid":"e6176817140c8959","name":"Swipe the Reels and play","fullName":"BFL Electronics: Swipe the Reels and play","historyId":"26f5798dd015de55b06bb8fa33e76bd8","time":{"start":1771996864849,"stop":1771997104765,"duration":239916},"status":"failed","statusMessage":"AssertionError: Some functions failed:\nError: Element not found while executing 'MuteSDKReel': Message: \nStacktrace:\nSymbols not available. Dumping unresolved backtrace:\n\t0x7ff7a36aaa55\n\t0x7ff7a3408630\n\t0x7ff7a319d75d\n\t0x7ff7a31f862e\n\t0x7ff7a31f893c\n\t0x7ff7a3248d87\n\t0x7ff7a324591c\n\t0x7ff7a31e9098\n\t0x7ff7a31e9f83\n\t0x7ff7a36d7810\n\t0x7ff7a36d1afd\n\t0x7ff7a36f2c1a\n\t0x7ff7a3423345\n\t0x7ff7a342b81c\n\t0x7ff7a3411924\n\t0x7ff7a3411ad6\n\t0x7ff7a33f7e47\n\t0x7ff95aeee8d7\n\t0x7ff95c38c40c\n\n","statusTrace":"  File \"C:\\Users\\kp\\AppData\\Local\\Packages\\PythonSoftwareFoundation.Python.3.13_qbz5n2kfra8p0\\LocalCache\\local-packages\\Python313\\site-packages\\behave\\model.py\", line 1991, in run\n    match.run(runner.context)\n    ~~~~~~~~~^^^^^^^^^^^^^^^^\n  File \"C:\\Users\\kp\\AppData\\Local\\Packages\\PythonSoftwareFoundation.Python.3.13_qbz5n2kfra8p0\\LocalCache\\local-packages\\Python313\\site-packages\\behave\\matchers.py\", line 105, in run\n    self.func(context, *args, **kwargs)\n    ~~~~~~~~~^^^^^^^^^^^^^^^^^^^^^^^^^^\n  File \"features\\steps\\BFLElectronicsSteps.py\", line 153, in verify_reels_player_functions\n    handler.process_results(results, failures)\n    ~~~~~~~~~~~~~~~~~~~~~~~^^^^^^^^^^^^^^^^^^^\n  File \"C:\\Users\\kp\\Documents\\Python-Selenium-BDD\\features\\steps\\PlayerFunctionHandler.py\", line 120, in process_results\n    assert False, f\"Some functions failed:\\n{failure_message}\"\n           ^^^^^\n","flaky":false,"newFailed":false,"newBroken":false,"newPassed":false,"retriesCount":0,"retriesStatusChange":false,"beforeStages":[],"testStage":{"status":"failed","statusMessage":"AssertionError: Some functions failed:\nError: Element not found while executing 'MuteSDKReel': Message: \nStacktrace:\nSymbols not available. Dumping unresolved backtrace:\n\t0x7ff7a36aaa55\n\t0x7ff7a3408630\n\t0x7ff7a319d75d\n\t0x7ff7a31f862e\n\t0x7ff7a31f893c\n\t0x7ff7a3248d87\n\t0x7ff7a324591c\n\t0x7ff7a31e9098\n\t0x7ff7a31e9f83\n\t0x7ff7a36d7810\n\t0x7ff7a36d1afd\n\t0x7ff7a36f2c1a\n\t0x7ff7a3423345\n\t0x7ff7a342b81c\n\t0x7ff7a3411924\n\t0x7ff7a3411ad6\n\t0x7ff7a33f7e47\n\t0x7ff95aeee8d7\n\t0x7ff95c38c40c\n\n","statusTrace":"  File \"C:\\Users\\kp\\AppData\\Local\\Packages\\PythonSoftwareFoundation.Python.3.13_qbz5n2kfra8p0\\LocalCache\\local-packages\\Python313\\site-packages\\behave\\model.py\", line 1991, in run\n    match.run(runner.context)\n    ~~~~~~~~~^^^^^^^^^^^^^^^^\n  File \"C:\\Users\\kp\\AppData\\Local\\Packages\\PythonSoftwareFoundation.Python.3.13_qbz5n2kfra8p0\\LocalCache\\local-packages\\Python313\\site-packages\\behave\\matchers.py\", line 105, in run\n    self.func(context, *args, **kwargs)\n    ~~~~~~~~~^^^^^^^^^^^^^^^^^^^^^^^^^^\n  File \"features\\steps\\BFLElectronicsSteps.py\", line 153, in verify_reels_player_functions\n    handler.process_results(results, failures)\n    ~~~~~~~~~~~~~~~~~~~~~~~^^^^^^^^^^^^^^^^^^^\n  File \"C:\\Users\\kp\\Documents\\Python-Selenium-BDD\\features\\steps\\PlayerFunctionHandler.py\", line 120, in process_results\n    assert False, f\"Some functions failed:\\n{failure_message}\"\n           ^^^^^\n","steps":[{"name":"Given user goes to \"electronics-on-emis\" page of \"BFLHome\" website","time":{"start":1771996866312,"stop":1771996880760,"duration":14448},"status":"passed","steps":[],"attachments":[],"parameters":[],"hasContent":false,"attachmentStep":false,"attachmentsCount":0,"shouldDisplayMessage":false,"stepsCount":0},{"name":"When user swipes the reels to left and plays the reel","time":{"start":1771996880760,"stop":1771996991006,"duration":110246},"status":"passed","steps":[],"attachments":[],"parameters":[],"hasContent":false,"attachmentStep":false,"attachmentsCount":0,"shouldDisplayMessage":false,"stepsCount":0},{"name":"Then user verifies BFLElectronics reels player functions Play,MuteSDKReel,CustomSeekToEndInReel,SwipeUp,SwipeDown,SwipeUp,CloseFabReel","time":{"start":1771996991006,"stop":1771997102404,"duration":111398},"status":"failed","statusMessage":"AssertionError: Some functions failed:\nError: Element not found while executing 'MuteSDKReel': Message: \nStacktrace:\nSymbols not available. Dumping unresolved backtrace:\n\t0x7ff7a36aaa55\n\t0x7ff7a3408630\n\t0x7ff7a319d75d\n\t0x7ff7a31f862e\n\t0x7ff7a31f893c\n\t0x7ff7a3248d87\n\t0x7ff7a324591c\n\t0x7ff7a31e9098\n\t0x7ff7a31e9f83\n\t0x7ff7a36d7810\n\t0x7ff7a36d1afd\n\t0x7ff7a36f2c1a\n\t0x7ff7a3423345\n\t0x7ff7a342b81c\n\t0x7ff7a3411924\n\t0x7ff7a3411ad6\n\t0x7ff7a33f7e47\n\t0x7ff95aeee8d7\n\t0x7ff95c38c40c\n\n","statusTrace":"  File \"C:\\Users\\kp\\AppData\\Local\\Packages\\PythonSoftwareFoundation.Python.3.13_qbz5n2kfra8p0\\LocalCache\\local-packages\\Python313\\site-packages\\behave\\model.py\", line 1991, in run\n    match.run(runner.context)\n    ~~~~~~~~~^^^^^^^^^^^^^^^^\n  File \"C:\\Users\\kp\\AppData\\Local\\Packages\\PythonSoftwareFoundation.Python.3.13_qbz5n2kfra8p0\\LocalCache\\local-packages\\Python313\\site-packages\\behave\\matchers.py\", line 105, in run\n    self.func(context, *args, **kwargs)\n    ~~~~~~~~~^^^^^^^^^^^^^^^^^^^^^^^^^^\n  File \"features\\steps\\BFLElectronicsSteps.py\", line 153, in verify_reels_player_functions\n    handler.process_results(results, failures)\n    ~~~~~~~~~~~~~~~~~~~~~~~^^^^^^^^^^^^^^^^^^^\n  File \"C:\\Users\\kp\\Documents\\Python-Selenium-BDD\\features\\steps\\PlayerFunctionHandler.py\", line 120, in process_results\n    assert False, f\"Some functions failed:\\n{failure_message}\"\n           ^^^^^\n","steps":[],"attachments":[{"uid":"86ee651e62161946","name":"MuteSDKReel_failed","source":"86ee651e62161946.png","type":"image/png","size":650122},{"uid":"7d97de956f7ff117","name":"user verifies BFLElectronics reels player functions Play,MuteSDKReel,CustomSeekToEndInReel,SwipeUp,SwipeDown,SwipeUp,CloseFabReel [Status.failed]","source":"7d97de956f7ff117.png","type":"image/png","size":738914}],"parameters":[],"hasContent":true,"attachmentStep":false,"attachmentsCount":2,"shouldDisplayMessage":true,"stepsCount":0}],"attachments":[],"parameters":[],"hasContent":true,"attachmentStep":false,"attachmentsCount":2,"shouldDisplayMessage":false,"stepsCount":3},"afterStages":[],"labels":[{"name":"severity","value":"normal"},{"name":"tag","value":"bfl_electronics"},{"name":"feature","value":"BFL Electronics"},{"name":"framework","value":"behave"},{"name":"language","value":"cpython3"},{"name":"resultFormat","value":"allure2"}],"parameters":[],"links":[],"hidden":false,"retry":false,"extra":{"severity":"normal","retries":[],"categories":[{"name":"Product defects","matchedStatuses":[]}],"tags":["bfl_electronics"]},"source":"e6176817140c8959.json","parameterValues":[]}